Determining if the pthread_create exist failed with the following output:
Change Dir: /home/ellis/code/slam/ch5/imagebasic/build/CMakeFiles/CMakeTmp

Run Build Command:"/usr/bin/make" "cmTC_ba07c/fast"
/usr/bin/make -f CMakeFiles/cmTC_ba07c.dir/build.make CMakeFiles/cmTC_ba07c.dir/build
make[1]: Entering directory '/home/ellis/code/slam/ch5/imagebasic/build/CMakeFiles/CMakeTmp'
Building C object CMakeFiles/cmTC_ba07c.dir/CheckSymbolExists.c.o
/usr/bin/cc    -fPIC    -o CMakeFiles/cmTC_ba07c.dir/CheckSymbolExists.c.o   -c /home/ellis/code/slam/ch5/imagebasic/build/CMakeFiles/CMakeTmp/CheckSymbolExists.c
Linking C executable cmTC_ba07c
/usr/bin/cmake -E cmake_link_script CMakeFiles/cmTC_ba07c.dir/link.txt --verbose=1
/usr/bin/cc  -fPIC     CMakeFiles/cmTC_ba07c.dir/CheckSymbolExists.c.o  -o cmTC_ba07c -rdynamic 
CMakeFiles/cmTC_ba07c.dir/CheckSymbolExists.c.o: In function `main':
CheckSymbolExists.c:(.text+0x1b): undefined reference to `pthread_create'
collect2: error: ld returned 1 exit status
CMakeFiles/cmTC_ba07c.dir/build.make:97: recipe for target 'cmTC_ba07c' failed
make[1]: *** [cmTC_ba07c] Error 1
make[1]: Leaving directory '/home/ellis/code/slam/ch5/imagebasic/build/CMakeFiles/CMakeTmp'
Makefile:126: recipe for target 'cmTC_ba07c/fast' failed
make: *** [cmTC_ba07c/fast] Error 2

File /home/ellis/code/slam/ch5/imagebasic/build/CMakeFiles/CMakeTmp/CheckSymbolExists.c:
/* */
#include <pthread.h>

int main(int argc, char** argv)
{
  (void)argv;
#ifndef pthread_create
  return ((int*)(&pthread_create))[argc];
#else
  (void)argc;
  return 0;
#endif
}

Determining if the function pthread_create exists in the pthreads failed with the following output:
Change Dir: /home/ellis/code/slam/ch5/imagebasic/build/CMakeFiles/CMakeTmp

Run Build Command:"/usr/bin/make" "cmTC_862f6/fast"
/usr/bin/make -f CMakeFiles/cmTC_862f6.dir/build.make CMakeFiles/cmTC_862f6.dir/build
make[1]: Entering directory '/home/ellis/code/slam/ch5/imagebasic/build/CMakeFiles/CMakeTmp'
Building C object CMakeFiles/cmTC_862f6.dir/CheckFunctionExists.c.o
/usr/bin/cc    -fPIC -DCHECK_FUNCTION_EXISTS=pthread_create   -o CMakeFiles/cmTC_862f6.dir/CheckFunctionExists.c.o   -c /usr/share/cmake-3.5/Modules/CheckFunctionExists.c
Linking C executable cmTC_862f6
/usr/bin/cmake -E cmake_link_script CMakeFiles/cmTC_862f6.dir/link.txt --verbose=1
/usr/bin/cc  -fPIC -DCHECK_FUNCTION_EXISTS=pthread_create    CMakeFiles/cmTC_862f6.dir/CheckFunctionExists.c.o  -o cmTC_862f6 -rdynamic -lpthreads 
/usr/bin/ld: cannot find -lpthreads
collect2: error: ld returned 1 exit status
CMakeFiles/cmTC_862f6.dir/build.make:97: recipe for target 'cmTC_862f6' failed
make[1]: *** [cmTC_862f6] Error 1
make[1]: Leaving directory '/home/ellis/code/slam/ch5/imagebasic/build/CMakeFiles/CMakeTmp'
Makefile:126: recipe for target 'cmTC_862f6/fast' failed
make: *** [cmTC_862f6/fast] Error 2


