Determining if the pthread_create exist failed with the following output:
Change Dir: /home/ellis/code/slam/ch6/ceres_curve_fitting/build/CMakeFiles/CMakeTmp

Run Build Command:"/usr/bin/make" "cmTC_46b8b/fast"
make[1]: Entering directory '/home/ellis/code/slam/ch6/ceres_curve_fitting/build/CMakeFiles/CMakeTmp'
/usr/bin/make -f CMakeFiles/cmTC_46b8b.dir/build.make CMakeFiles/cmTC_46b8b.dir/build
make[2]: Entering directory '/home/ellis/code/slam/ch6/ceres_curve_fitting/build/CMakeFiles/CMakeTmp'
Building C object CMakeFiles/cmTC_46b8b.dir/CheckSymbolExists.c.o
/usr/bin/cc     -o CMakeFiles/cmTC_46b8b.dir/CheckSymbolExists.c.o   -c /home/ellis/code/slam/ch6/ceres_curve_fitting/build/CMakeFiles/CMakeTmp/CheckSymbolExists.c
Linking C executable cmTC_46b8b
/usr/bin/cmake -E cmake_link_script CMakeFiles/cmTC_46b8b.dir/link.txt --verbose=1
/usr/bin/cc       CMakeFiles/cmTC_46b8b.dir/CheckSymbolExists.c.o  -o cmTC_46b8b -rdynamic 
CMakeFiles/cmTC_46b8b.dir/CheckSymbolExists.c.o: In function `main':
CheckSymbolExists.c:(.text+0x16): undefined reference to `pthread_create'
collect2: error: ld returned 1 exit status
CMakeFiles/cmTC_46b8b.dir/build.make:97: recipe for target 'cmTC_46b8b' failed
make[2]: *** [cmTC_46b8b] Error 1
make[2]: Leaving directory '/home/ellis/code/slam/ch6/ceres_curve_fitting/build/CMakeFiles/CMakeTmp'
Makefile:126: recipe for target 'cmTC_46b8b/fast' failed
make[1]: *** [cmTC_46b8b/fast] Error 2
make[1]: Leaving directory '/home/ellis/code/slam/ch6/ceres_curve_fitting/build/CMakeFiles/CMakeTmp'

File /home/ellis/code/slam/ch6/ceres_curve_fitting/build/CMakeFiles/CMakeTmp/CheckSymbolExists.c:
/* */
#include <pthread.h>

int main(int argc, char** argv)
{
  (void)argv;
#ifndef pthread_create
  return ((int*)(&pthread_create))[argc];
#else
  (void)argc;
  return 0;
#endif
}

Determining if the function pthread_create exists in the pthreads failed with the following output:
Change Dir: /home/ellis/code/slam/ch6/ceres_curve_fitting/build/CMakeFiles/CMakeTmp

Run Build Command:"/usr/bin/make" "cmTC_5054f/fast"
make[1]: Entering directory '/home/ellis/code/slam/ch6/ceres_curve_fitting/build/CMakeFiles/CMakeTmp'
/usr/bin/make -f CMakeFiles/cmTC_5054f.dir/build.make CMakeFiles/cmTC_5054f.dir/build
make[2]: Entering directory '/home/ellis/code/slam/ch6/ceres_curve_fitting/build/CMakeFiles/CMakeTmp'
Building C object CMakeFiles/cmTC_5054f.dir/CheckFunctionExists.c.o
/usr/bin/cc    -DCHECK_FUNCTION_EXISTS=pthread_create   -o CMakeFiles/cmTC_5054f.dir/CheckFunctionExists.c.o   -c /usr/share/cmake-3.5/Modules/CheckFunctionExists.c
Linking C executable cmTC_5054f
/usr/bin/cmake -E cmake_link_script CMakeFiles/cmTC_5054f.dir/link.txt --verbose=1
/usr/bin/cc   -DCHECK_FUNCTION_EXISTS=pthread_create    CMakeFiles/cmTC_5054f.dir/CheckFunctionExists.c.o  -o cmTC_5054f -rdynamic -lpthreads 
/usr/bin/ld: cannot find -lpthreads
collect2: error: ld returned 1 exit status
CMakeFiles/cmTC_5054f.dir/build.make:97: recipe for target 'cmTC_5054f' failed
make[2]: *** [cmTC_5054f] Error 1
make[2]: Leaving directory '/home/ellis/code/slam/ch6/ceres_curve_fitting/build/CMakeFiles/CMakeTmp'
Makefile:126: recipe for target 'cmTC_5054f/fast' failed
make[1]: *** [cmTC_5054f/fast] Error 2
make[1]: Leaving directory '/home/ellis/code/slam/ch6/ceres_curve_fitting/build/CMakeFiles/CMakeTmp'


Performing C++ SOURCE FILE Test GFLAGS_IN_GOOGLE_NAMESPACE failed with the following output:
Change Dir: /home/ellis/code/slam/ch6/ceres_curve_fitting/build/CMakeFiles/CMakeTmp

Run Build Command:"/usr/bin/make" "cmTC_47c9d/fast"
make[1]: Entering directory '/home/ellis/code/slam/ch6/ceres_curve_fitting/build/CMakeFiles/CMakeTmp'
/usr/bin/make -f CMakeFiles/cmTC_47c9d.dir/build.make CMakeFiles/cmTC_47c9d.dir/build
make[2]: Entering directory '/home/ellis/code/slam/ch6/ceres_curve_fitting/build/CMakeFiles/CMakeTmp'
Building CXX object CMakeFiles/cmTC_47c9d.dir/src.cxx.o
/usr/bin/c++     -std=c++11 -03 -DGFLAGS_IN_GOOGLE_NAMESPACE   -o CMakeFiles/cmTC_47c9d.dir/src.cxx.o -c /home/ellis/code/slam/ch6/ceres_curve_fitting/build/CMakeFiles/CMakeTmp/src.cxx
c++: error: unrecognized command line option ‘-03’
CMakeFiles/cmTC_47c9d.dir/build.make:65: recipe for target 'CMakeFiles/cmTC_47c9d.dir/src.cxx.o' failed
make[2]: *** [CMakeFiles/cmTC_47c9d.dir/src.cxx.o] Error 1
make[2]: Leaving directory '/home/ellis/code/slam/ch6/ceres_curve_fitting/build/CMakeFiles/CMakeTmp'
Makefile:126: recipe for target 'cmTC_47c9d/fast' failed
make[1]: *** [cmTC_47c9d/fast] Error 2
make[1]: Leaving directory '/home/ellis/code/slam/ch6/ceres_curve_fitting/build/CMakeFiles/CMakeTmp'

Source file was:
#include <gflags/gflags.h>
     int main(int argc, char * argv[]) {
       google::ParseCommandLineFlags(&argc, &argv, true);
       return 0;
     }
Performing C++ SOURCE FILE Test GFLAGS_IN_GFLAGS_NAMESPACE failed with the following output:
Change Dir: /home/ellis/code/slam/ch6/ceres_curve_fitting/build/CMakeFiles/CMakeTmp

Run Build Command:"/usr/bin/make" "cmTC_9a86e/fast"
make[1]: Entering directory '/home/ellis/code/slam/ch6/ceres_curve_fitting/build/CMakeFiles/CMakeTmp'
/usr/bin/make -f CMakeFiles/cmTC_9a86e.dir/build.make CMakeFiles/cmTC_9a86e.dir/build
make[2]: Entering directory '/home/ellis/code/slam/ch6/ceres_curve_fitting/build/CMakeFiles/CMakeTmp'
Building CXX object CMakeFiles/cmTC_9a86e.dir/src.cxx.o
/usr/bin/c++     -std=c++11 -03 -DGFLAGS_IN_GFLAGS_NAMESPACE   -o CMakeFiles/cmTC_9a86e.dir/src.cxx.o -c /home/ellis/code/slam/ch6/ceres_curve_fitting/build/CMakeFiles/CMakeTmp/src.cxx
c++: error: unrecognized command line option ‘-03’
CMakeFiles/cmTC_9a86e.dir/build.make:65: recipe for target 'CMakeFiles/cmTC_9a86e.dir/src.cxx.o' failed
make[2]: *** [CMakeFiles/cmTC_9a86e.dir/src.cxx.o] Error 1
make[2]: Leaving directory '/home/ellis/code/slam/ch6/ceres_curve_fitting/build/CMakeFiles/CMakeTmp'
Makefile:126: recipe for target 'cmTC_9a86e/fast' failed
make[1]: *** [cmTC_9a86e/fast] Error 2
make[1]: Leaving directory '/home/ellis/code/slam/ch6/ceres_curve_fitting/build/CMakeFiles/CMakeTmp'

Source file was:
#include <gflags/gflags.h>
     int main(int argc, char * argv[]) {
        gflags::ParseCommandLineFlags(&argc, &argv, true);
        return 0;
     }
