Determining if the pthread_create exist failed with the following output:
Change Dir: /home/ellis/code/slam/ch8/directMethod/build/CMakeFiles/CMakeTmp

Run Build Command:"/usr/bin/make" "cmTC_7323d/fast"
make[1]: Entering directory '/home/ellis/code/slam/ch8/directMethod/build/CMakeFiles/CMakeTmp'
/usr/bin/make -f CMakeFiles/cmTC_7323d.dir/build.make CMakeFiles/cmTC_7323d.dir/build
make[2]: Entering directory '/home/ellis/code/slam/ch8/directMethod/build/CMakeFiles/CMakeTmp'
Building C object CMakeFiles/cmTC_7323d.dir/CheckSymbolExists.c.o
/usr/bin/cc    -fPIC    -o CMakeFiles/cmTC_7323d.dir/CheckSymbolExists.c.o   -c /home/ellis/code/slam/ch8/directMethod/build/CMakeFiles/CMakeTmp/CheckSymbolExists.c
Linking C executable cmTC_7323d
/usr/bin/cmake -E cmake_link_script CMakeFiles/cmTC_7323d.dir/link.txt --verbose=1
/usr/bin/cc  -fPIC     CMakeFiles/cmTC_7323d.dir/CheckSymbolExists.c.o  -o cmTC_7323d -rdynamic 
CMakeFiles/cmTC_7323d.dir/CheckSymbolExists.c.o: In function `main':
CheckSymbolExists.c:(.text+0x1b): undefined reference to `pthread_create'
collect2: error: ld returned 1 exit status
CMakeFiles/cmTC_7323d.dir/build.make:97: recipe for target 'cmTC_7323d' failed
make[2]: *** [cmTC_7323d] Error 1
make[2]: Leaving directory '/home/ellis/code/slam/ch8/directMethod/build/CMakeFiles/CMakeTmp'
Makefile:126: recipe for target 'cmTC_7323d/fast' failed
make[1]: *** [cmTC_7323d/fast] Error 2
make[1]: Leaving directory '/home/ellis/code/slam/ch8/directMethod/build/CMakeFiles/CMakeTmp'

File /home/ellis/code/slam/ch8/directMethod/build/CMakeFiles/CMakeTmp/CheckSymbolExists.c:
/* */
#include <pthread.h>

int main(int argc, char** argv)
{
  (void)argv;
#ifndef pthread_create
  return ((int*)(&pthread_create))[argc];
#else
  (void)argc;
  return 0;
#endif
}

Determining if the function pthread_create exists in the pthreads failed with the following output:
Change Dir: /home/ellis/code/slam/ch8/directMethod/build/CMakeFiles/CMakeTmp

Run Build Command:"/usr/bin/make" "cmTC_02938/fast"
make[1]: Entering directory '/home/ellis/code/slam/ch8/directMethod/build/CMakeFiles/CMakeTmp'
/usr/bin/make -f CMakeFiles/cmTC_02938.dir/build.make CMakeFiles/cmTC_02938.dir/build
make[2]: Entering directory '/home/ellis/code/slam/ch8/directMethod/build/CMakeFiles/CMakeTmp'
Building C object CMakeFiles/cmTC_02938.dir/CheckFunctionExists.c.o
/usr/bin/cc    -fPIC -DCHECK_FUNCTION_EXISTS=pthread_create   -o CMakeFiles/cmTC_02938.dir/CheckFunctionExists.c.o   -c /usr/share/cmake-3.5/Modules/CheckFunctionExists.c
Linking C executable cmTC_02938
/usr/bin/cmake -E cmake_link_script CMakeFiles/cmTC_02938.dir/link.txt --verbose=1
/usr/bin/cc  -fPIC -DCHECK_FUNCTION_EXISTS=pthread_create    CMakeFiles/cmTC_02938.dir/CheckFunctionExists.c.o  -o cmTC_02938 -rdynamic -lpthreads 
/usr/bin/ld: cannot find -lpthreads
collect2: error: ld returned 1 exit status
CMakeFiles/cmTC_02938.dir/build.make:97: recipe for target 'cmTC_02938' failed
make[2]: *** [cmTC_02938] Error 1
make[2]: Leaving directory '/home/ellis/code/slam/ch8/directMethod/build/CMakeFiles/CMakeTmp'
Makefile:126: recipe for target 'cmTC_02938/fast' failed
make[1]: *** [cmTC_02938/fast] Error 2
make[1]: Leaving directory '/home/ellis/code/slam/ch8/directMethod/build/CMakeFiles/CMakeTmp'


