Determining if the pthread_create exist failed with the following output:
Change Dir: /home/ellis/code/slam/ch5/imagebasic/cmake-build-debug/CMakeFiles/CMakeTmp

Run Build Command:"/usr/bin/make" "cmTC_e3633/fast"
/usr/bin/make -f CMakeFiles/cmTC_e3633.dir/build.make CMakeFiles/cmTC_e3633.dir/build
make[1]: Entering directory '/home/ellis/code/slam/ch5/imagebasic/cmake-build-debug/CMakeFiles/CMakeTmp'
Building C object CMakeFiles/cmTC_e3633.dir/CheckSymbolExists.c.o
/usr/bin/cc   -fPIC    -o CMakeFiles/cmTC_e3633.dir/CheckSymbolExists.c.o   -c /home/ellis/code/slam/ch5/imagebasic/cmake-build-debug/CMakeFiles/CMakeTmp/CheckSymbolExists.c
Linking C executable cmTC_e3633
/home/ellis/下载/clion-2018.2.5/bin/cmake/linux/bin/cmake -E cmake_link_script CMakeFiles/cmTC_e3633.dir/link.txt --verbose=1
/usr/bin/cc -fPIC     -rdynamic CMakeFiles/cmTC_e3633.dir/CheckSymbolExists.c.o  -o cmTC_e3633 
CMakeFiles/cmTC_e3633.dir/CheckSymbolExists.c.o：在函数‘main’中：
CheckSymbolExists.c:(.text+0x1b)：对‘pthread_create’未定义的引用
collect2: error: ld returned 1 exit status
CMakeFiles/cmTC_e3633.dir/build.make:86: recipe for target 'cmTC_e3633' failed
make[1]: *** [cmTC_e3633] Error 1
make[1]: Leaving directory '/home/ellis/code/slam/ch5/imagebasic/cmake-build-debug/CMakeFiles/CMakeTmp'
Makefile:121: recipe for target 'cmTC_e3633/fast' failed
make: *** [cmTC_e3633/fast] Error 2

File /home/ellis/code/slam/ch5/imagebasic/cmake-build-debug/CMakeFiles/CMakeTmp/CheckSymbolExists.c:
/* */
#include <pthread.h>

int main(int argc, char** argv)
{
  (void)argv;
#ifndef pthread_create
  return ((int*)(&pthread_create))[argc];
#else
  (void)argc;
  return 0;
#endif
}

Determining if the function pthread_create exists in the pthreads failed with the following output:
Change Dir: /home/ellis/code/slam/ch5/imagebasic/cmake-build-debug/CMakeFiles/CMakeTmp

Run Build Command:"/usr/bin/make" "cmTC_7363f/fast"
/usr/bin/make -f CMakeFiles/cmTC_7363f.dir/build.make CMakeFiles/cmTC_7363f.dir/build
make[1]: Entering directory '/home/ellis/code/slam/ch5/imagebasic/cmake-build-debug/CMakeFiles/CMakeTmp'
Building C object CMakeFiles/cmTC_7363f.dir/CheckFunctionExists.c.o
/usr/bin/cc   -fPIC -DCHECK_FUNCTION_EXISTS=pthread_create   -o CMakeFiles/cmTC_7363f.dir/CheckFunctionExists.c.o   -c /home/ellis/下载/clion-2018.2.5/bin/cmake/linux/share/cmake-3.12/Modules/CheckFunctionExists.c
Linking C executable cmTC_7363f
/home/ellis/下载/clion-2018.2.5/bin/cmake/linux/bin/cmake -E cmake_link_script CMakeFiles/cmTC_7363f.dir/link.txt --verbose=1
/usr/bin/cc -fPIC -DCHECK_FUNCTION_EXISTS=pthread_create    -rdynamic CMakeFiles/cmTC_7363f.dir/CheckFunctionExists.c.o  -o cmTC_7363f -lpthreads 
/usr/bin/ld: 找不到 -lpthreads
collect2: error: ld returned 1 exit status
CMakeFiles/cmTC_7363f.dir/build.make:86: recipe for target 'cmTC_7363f' failed
make[1]: *** [cmTC_7363f] Error 1
make[1]: Leaving directory '/home/ellis/code/slam/ch5/imagebasic/cmake-build-debug/CMakeFiles/CMakeTmp'
Makefile:121: recipe for target 'cmTC_7363f/fast' failed
make: *** [cmTC_7363f/fast] Error 2


